#
# There is insufficient memory for the Java Runtime Environment to continue.
# Native memory allocation (mmap) failed to map 56623104 bytes. Error detail: G1 virtual space
# Possible reasons:
#   The system is out of physical RAM or swap space
#   This process is running with CompressedOops enabled, and the Java Heap may be blocking the growth of the native heap
# Possible solutions:
#   Reduce memory load on the system
#   Increase physical memory or swap space
#   Check if swap backing store is full
#   Decrease Java heap size (-Xmx/-Xms)
#   Decrease number of Java threads
#   Decrease Java thread stack sizes (-Xss)
#   Set larger code cache with -XX:ReservedCodeCacheSize=
#   JVM is running with Unscaled Compressed Oops mode in which the Java heap is
#     placed in the first 4GB address space. The Java Heap base address is the
#     maximum limit for the native heap growth. Please use -XX:HeapBaseMinAddress
#     to set the Java Heap base and to place the Java Heap above 4GB virtual address.
# This output file may be truncated or incomplete.
#
#  Out of Memory Error (os_windows.cpp:3898), pid=16248, tid=14616
#
# JRE version:  (21.0.6) (build )
# Java VM: OpenJDK 64-Bit Server VM (21.0.6+-13391695-b895.109, mixed mode, sharing, tiered, compressed oops, compressed class ptrs, g1 gc, windows-amd64)
# No core dump will be written. Minidumps are not enabled by default on client versions of Windows
#

---------------  S U M M A R Y ------------

Command Line: git4idea.http.GitAskPassApp Username for 'https://github.com': 

Host: AMD Ryzen 5 5500U with Radeon Graphics         , 12 cores, 3G,  Windows 11 , 64 bit Build 26100 (10.0.26100.5074)
Time: Sat Sep 20 02:04:00 2025 Hora estándar oeste, Sudamérica elapsed time: 0.163028 seconds (0d 0h 0m 0s)

---------------  T H R E A D  ---------------

Current thread (0x0000022776af5470):  JavaThread "Unknown thread" [_thread_in_vm, id=14616, stack(0x000000ae9ed00000,0x000000ae9ee00000) (1024K)]

Stack: [0x000000ae9ed00000,0x000000ae9ee00000]
Native frames: (J=compiled Java code, j=interpreted, Vv=VM code, C=native code)
V  [jvm.dll+0x6d0639]
V  [jvm.dll+0x85eb03]
V  [jvm.dll+0x86105e]
V  [jvm.dll+0x861743]
V  [jvm.dll+0x27e6e6]
V  [jvm.dll+0x6ccfd5]
V  [jvm.dll+0x6c0a8a]
V  [jvm.dll+0x35537b]
V  [jvm.dll+0x35cfd6]
V  [jvm.dll+0x3aef86]
V  [jvm.dll+0x3af258]
V  [jvm.dll+0x327a2c]
V  [jvm.dll+0x32871b]
V  [jvm.dll+0x826549]
V  [jvm.dll+0x3bc158]
V  [jvm.dll+0x80f7f8]
V  [jvm.dll+0x45035e]
V  [jvm.dll+0x451ac1]
C  [jli.dll+0x52ab]
C  [ucrtbase.dll+0x37b0]
C  [KERNEL32.DLL+0x2e8d7]
C  [ntdll.dll+0x8d9c]


---------------  P R O C E S S  ---------------

Threads class SMR info:
_java_thread_list=0x00007ffcea971848, length=0, elements={
}

Java Threads: ( => current thread )
Total: 0

Other Threads:
  0x0000022776adeb40 WorkerThread "GC Thread#0"                     [id=16984, stack(0x000000ae9ee00000,0x000000ae9ef00000) (1024K)]
  0x0000022778e14460 ConcurrentGCThread "G1 Main Marker"            [id=11064, stack(0x000000ae9ef00000,0x000000ae9f000000) (1024K)]
  0x0000022776adf280 WorkerThread "G1 Conc#0"                       [id=10680, stack(0x000000ae9f000000,0x000000ae9f100000) (1024K)]

[error occurred during error reporting (printing all threads), id 0xc0000005, EXCEPTION_ACCESS_VIOLATION (0xc0000005) at pc=0x00007ffcea16aa87]
VM state: not at safepoint (not fully initialized)

VM Mutex/Monitor currently owned by a thread:  ([mutex/lock_event])
[0x00007ffcea9de4a0] Heap_lock - owner thread: 0x0000022776af5470

Heap address: 0x00000000cac00000, size: 852 MB, Compressed Oops mode: 32-bit

CDS archive(s) mapped at: [0x0000000000000000-0x0000000000000000-0x0000000000000000), size 0, SharedBaseAddress: 0x0000000800000000, ArchiveRelocationMode: 1.
Narrow klass base: 0x0000000000000000, Narrow klass shift: 0, Narrow klass range: 0x0

GC Precious Log:
 CardTable entry size: 512
 Card Set container configuration: InlinePtr #cards 5 size 8 Array Of Cards #cards 12 size 40 Howl #buckets 4 coarsen threshold 1843 Howl Bitmap #cards 512 size 80 coarsen threshold 460 Card regions per heap region 1 cards per card region 2048

Heap:
 garbage-first heap   total 0K, used 0K [0x00000000cac00000, 0x0000000100000000)
  region size 1024K, 0 young (0K), 0 survivors (0K)
 Metaspace       used 0K, committed 0K, reserved 0K
  class space    used 0K, committed 0K, reserved 0K

Heap Regions: E=young(eden), S=young(survivor), O=old, HS=humongous(starts), HC=humongous(continues), CS=collection set, F=free, TAMS=top-at-mark-start, PB=parsable bottom

Card table byte_map: [0x000002277c640000,0x000002277c7f0000] _byte_map_base: 0x000002277bfea000

Marking Bits: (CMBitMap*) 0x0000022778e0d100
 Bits: [0x000002277c7f0000, 0x000002277d540000)

GC Heap History (0 events):
No events

Dll operation events (1 events):
Event: 0.074 Loaded shared library C:\Program Files\Android\Android Studio\jbr\bin\java.dll

Deoptimization events (0 events):
No events

Classes loaded (0 events):
No events

Classes unloaded (0 events):
No events

Classes redefined (0 events):
No events

Internal exceptions (0 events):
No events

ZGC Phase Switch (0 events):
No events

VM Operations (0 events):
No events

Memory protections (0 events):
No events

Nmethod flushes (0 events):
No events

Events (0 events):
No events


Dynamic libraries:
0x00007ff6040e0000 - 0x00007ff6040ea000 	C:\Program Files\Android\Android Studio\jbr\bin\java.exe
0x00007ffd99020000 - 0x00007ffd99289000 	C:\WINDOWS\SYSTEM32\ntdll.dll
0x00007ffd98630000 - 0x00007ffd986f9000 	C:\WINDOWS\System32\KERNEL32.DLL
0x00007ffd967b0000 - 0x00007ffd96ba3000 	C:\WINDOWS\System32\KERNELBASE.dll
0x00007ffd96480000 - 0x00007ffd965cb000 	C:\WINDOWS\System32\ucrtbase.dll
0x00007ffd8af30000 - 0x00007ffd8af48000 	C:\Program Files\Android\Android Studio\jbr\bin\jli.dll
0x00007ffd93810000 - 0x00007ffd9382b000 	C:\Program Files\Android\Android Studio\jbr\bin\VCRUNTIME140.dll
0x00007ffd973a0000 - 0x00007ffd97564000 	C:\WINDOWS\System32\USER32.dll
0x00007ffd96d20000 - 0x00007ffd96d47000 	C:\WINDOWS\System32\win32u.dll
0x00007ffd987f0000 - 0x00007ffd9881b000 	C:\WINDOWS\System32\GDI32.dll
0x00007ffd965d0000 - 0x00007ffd966fd000 	C:\WINDOWS\System32\gdi32full.dll
0x00007ffd96700000 - 0x00007ffd967a3000 	C:\WINDOWS\System32\msvcp_win.dll
0x00007ffd787e0000 - 0x00007ffd78a73000 	C:\WINDOWS\WinSxS\amd64_microsoft.windows.common-controls_6595b64144ccf1df_6.0.26100.5074_none_3e0d6f78e32fd63f\COMCTL32.dll
0x00007ffd97650000 - 0x00007ffd976f9000 	C:\WINDOWS\System32\msvcrt.dll
0x00007ffd98700000 - 0x00007ffd9872f000 	C:\WINDOWS\System32\IMM32.DLL
0x00007ffd937f0000 - 0x00007ffd937fc000 	C:\Program Files\Android\Android Studio\jbr\bin\vcruntime140_1.dll
0x00007ffd57b20000 - 0x00007ffd57bad000 	C:\Program Files\Android\Android Studio\jbr\bin\msvcp140.dll
0x00007ffce9e30000 - 0x00007ffceaabb000 	C:\Program Files\Android\Android Studio\jbr\bin\server\jvm.dll
0x00007ffd97cf0000 - 0x00007ffd97da4000 	C:\WINDOWS\System32\ADVAPI32.dll
0x00007ffd98740000 - 0x00007ffd987e6000 	C:\WINDOWS\System32\sechost.dll
0x00007ffd96e40000 - 0x00007ffd96f58000 	C:\WINDOWS\System32\RPCRT4.dll
0x00007ffd972a0000 - 0x00007ffd97314000 	C:\WINDOWS\System32\WS2_32.dll
0x00007ffd93910000 - 0x00007ffd9391b000 	C:\WINDOWS\SYSTEM32\VERSION.dll
0x00007ffd8ec50000 - 0x00007ffd8ec85000 	C:\WINDOWS\SYSTEM32\WINMM.dll
0x00007ffd96010000 - 0x00007ffd9606e000 	C:\WINDOWS\SYSTEM32\POWRPROF.dll
0x00007ffd95ff0000 - 0x00007ffd96004000 	C:\WINDOWS\SYSTEM32\UMPDC.dll
0x00007ffd94f90000 - 0x00007ffd94fab000 	C:\WINDOWS\SYSTEM32\kernel.appcore.dll
0x00007ffd8e650000 - 0x00007ffd8e65a000 	C:\Program Files\Android\Android Studio\jbr\bin\jimage.dll
0x00007ffd88b30000 - 0x00007ffd88d72000 	C:\WINDOWS\SYSTEM32\DBGHELP.DLL
0x00007ffd97e10000 - 0x00007ffd9818b000 	C:\WINDOWS\System32\combase.dll
0x00007ffd97c10000 - 0x00007ffd97ce7000 	C:\WINDOWS\System32\OLEAUT32.dll
0x00007ffd77540000 - 0x00007ffd7757d000 	C:\WINDOWS\SYSTEM32\dbgcore.DLL
0x00007ffd96d50000 - 0x00007ffd96de9000 	C:\WINDOWS\System32\bcryptPrimitives.dll
0x00007ffd8a9d0000 - 0x00007ffd8a9f0000 	C:\Program Files\Android\Android Studio\jbr\bin\java.dll

dbghelp: loaded successfully - version: 4.0.5 - missing functions: none
symbol engine: initialized successfully - sym options: 0x614 - pdb path: .;C:\Program Files\Android\Android Studio\jbr\bin;C:\WINDOWS\SYSTEM32;C:\WINDOWS\WinSxS\amd64_microsoft.windows.common-controls_6595b64144ccf1df_6.0.26100.5074_none_3e0d6f78e32fd63f;C:\Program Files\Android\Android Studio\jbr\bin\server

VM Arguments:
java_command: git4idea.http.GitAskPassApp Username for 'https://github.com': 
java_class_path (initial): C:/Program Files/Android/Android Studio/plugins/vcs-git/lib/git4idea-rt.jar;C:/Program Files/Android/Android Studio/lib/externalProcess-rt.jar
Launcher Type: SUN_STANDARD

[Global flags]
     intx CICompilerCount                          = 4                                         {product} {ergonomic}
     uint ConcGCThreads                            = 3                                         {product} {ergonomic}
     uint G1ConcRefinementThreads                  = 10                                        {product} {ergonomic}
   size_t G1HeapRegionSize                         = 1048576                                   {product} {ergonomic}
    uintx GCDrainStackTargetSize                   = 64                                        {product} {ergonomic}
   size_t InitialHeapSize                          = 56623104                                  {product} {ergonomic}
   size_t MarkStackSize                            = 4194304                                   {product} {ergonomic}
   size_t MaxHeapSize                              = 893386752                                 {product} {ergonomic}
   size_t MinHeapDeltaBytes                        = 1048576                                   {product} {ergonomic}
   size_t MinHeapSize                              = 8388608                                   {product} {ergonomic}
    uintx NonNMethodCodeHeapSize                   = 5839372                                {pd product} {ergonomic}
    uintx NonProfiledCodeHeapSize                  = 122909434                              {pd product} {ergonomic}
    uintx ProfiledCodeHeapSize                     = 122909434                              {pd product} {ergonomic}
    uintx ReservedCodeCacheSize                    = 251658240                              {pd product} {ergonomic}
     bool SegmentedCodeCache                       = true                                      {product} {ergonomic}
   size_t SoftMaxHeapSize                          = 893386752                              {manageable} {ergonomic}
     bool UseCompressedOops                        = true                           {product lp64_product} {ergonomic}
     bool UseG1GC                                  = true                                      {product} {ergonomic}
     bool UseLargePagesIndividualAllocation        = false                                  {pd product} {ergonomic}

Logging:
Log output configuration:
 #0: stdout all=warning uptime,level,tags foldmultilines=false
 #1: stderr all=off uptime,level,tags foldmultilines=false

Environment Variables:
CLASSPATH=.;C:\Program Files (x86)\QuickTime\QTSystem\QTJava.zip
PATH=C:/Program Files/Git/mingw64/libexec/git-core;C:/Program Files/Git/mingw64/libexec/git-core;C:\Program Files\Git\mingw64\bin;C:\Program Files\Git\usr\bin;C:\Users\hp\bin;C:\Program Files\Common Files\Oracle\Java\javapath;C:\WINDOWS\system32;C:\WINDOWS;C:\WINDOWS\System32\Wbem;C:\WINDOWS\System32\WindowsPowerShell\v1.0\;C:\WINDOWS\System32\OpenSSH\;C:\Program Files (x86)\QuickTime\QTSystem\;C:\Program Files\Common Files\Autodesk Shared\;C:\Program Files\Microsoft SQL Server\150\Tools\Binn\;C:\Program Files\dotnet\;C:\Program Files\HP\HP One Agent;C:\WINDOWS\system32;C:\WINDOWS;C:\WINDOWS\System32\Wbem;C:\WINDOWS\System32\WindowsPowerShell\v1.0\;C:\WINDOWS\System32\OpenSSH\;C:\Program Files\Git\cmd;C:\Program Files\nodejs\;C:\Users\hp\AppData\Local\Microsoft\WindowsApps;C:\Users\hp\AppData\Local\Programs\Microsoft VS Code\bin;C:\Users\hp\AppData\Roaming\npm
USERNAME=hp
DISPLAY=:0.0
LC_ALL=en_US.UTF-8
TERM=xterm-256color
TMPDIR=C:\Users\hp\AppData\Local\Temp
OS=Windows_NT
PROCESSOR_IDENTIFIER=AMD64 Family 23 Model 104 Stepping 1, AuthenticAMD
TMP=C:\Users\hp\AppData\Local\Temp
TEMP=C:\Users\hp\AppData\Local\Temp




Periodic native trim disabled

JNI global refs:
JNI global refs: 0, weak refs: 0

JNI global refs memory usage: 0, weak refs: 0

Process memory usage:
Resident Set Size: 12384K (0% of 3487428K total physical memory with 498828K free physical memory)

OOME stack traces (most recent first):
Classloader memory used:

---------------  S Y S T E M  ---------------

OS:
 Windows 11 , 64 bit Build 26100 (10.0.26100.5074)
OS uptime: 0 days 13:34 hours
Hyper-V role detected

CPU: total 12 (initial active 12) (12 cores per cpu, 2 threads per core) family 23 model 104 stepping 1 microcode 0x8608107, cx8, cmov, fxsr, ht, mmx, 3dnowpref, sse, sse2, sse3, ssse3, sse4a, sse4.1, sse4.2, popcnt, lzcnt, tsc, tscinvbit, avx, avx2, aes, clmul, bmi1, bmi2, adx, sha, fma, vzeroupper, clflush, clflushopt, hv, rdtscp, rdpid, f16c
Processor Information for processor 0
  Max Mhz: 2100, Current Mhz: 1988, Mhz Limit: 2100
Processor Information for processor 1
  Max Mhz: 2100, Current Mhz: 1988, Mhz Limit: 2100
Processor Information for processor 2
  Max Mhz: 2100, Current Mhz: 1988, Mhz Limit: 2100
Processor Information for processor 3
  Max Mhz: 2100, Current Mhz: 1988, Mhz Limit: 2100
Processor Information for processor 4
  Max Mhz: 2100, Current Mhz: 1988, Mhz Limit: 2100
Processor Information for processor 5
  Max Mhz: 2100, Current Mhz: 1988, Mhz Limit: 2100
Processor Information for processor 6
  Max Mhz: 2100, Current Mhz: 1988, Mhz Limit: 2100
Processor Information for processor 7
  Max Mhz: 2100, Current Mhz: 1988, Mhz Limit: 2100
Processor Information for processor 8
  Max Mhz: 2100, Current Mhz: 1988, Mhz Limit: 2100
Processor Information for processor 9
  Max Mhz: 2100, Current Mhz: 1988, Mhz Limit: 2100
Processor Information for processor 10
  Max Mhz: 2100, Current Mhz: 2100, Mhz Limit: 2100
Processor Information for processor 11
  Max Mhz: 2100, Current Mhz: 1988, Mhz Limit: 2100

Memory: 4k page, system-wide physical 3405M (487M free)
TotalPageFile size 13636M (AvailPageFile size 46M)
current process WorkingSet (physical memory assigned to process): 12M, peak: 12M
current process commit charge ("private bytes"): 64M, peak: 117M

vm_info: OpenJDK 64-Bit Server VM (21.0.6+-13391695-b895.109) for windows-amd64 JRE (21.0.6+-13391695-b895.109), built on 2025-04-22T21:19:17Z by "builder" with MS VC++ 16.10 / 16.11 (VS2019)

END.
